Сборка начата 20.07.2015 2:43:07.
     1>Проект "C:\Users\cupokkk\Documents\Visual Studio 2013\Projects\Snake_G\Snake_G\Snake_G.vcxproj" в узле 2 (целевые объекты Build).
     1>ClCompile:
         C:\Program Files (x86)\Microsoft Visual Studio 12.0\VC\bin\CL.exe /c /I"C:\Users\cupokkk\Documents\Visual Studio 2013\Projects\Snake_G\include" /ZI /nologo /W3 /WX- /sdl /Od /Oy- /D _MBCS /Gm /EHsc /RTC1 /MDd /GS /fp:precise /Zc:wchar_t /Zc:forScope /Fo"Debug\\" /Fd"Debug\vc120.pdb" /Gd /TP /analyze- /errorReport:prompt main.cpp Snake.cpp
         Snake.cpp
         main.cpp
     1>c:\users\cupokkk\documents\visual studio 2013\projects\snake_g\snake_g\food.h(13): warning C4244: аргумент: преобразование "time_t" в "unsigned int", возможна потеря данных
     1>c:\users\cupokkk\documents\visual studio 2013\projects\snake_g\snake_g\main.cpp(19): warning C4244: аргумент: преобразование "time_t" в "unsigned int", возможна потеря данных
     1>c:\users\cupokkk\documents\visual studio 2013\projects\snake_g\snake_g\main.cpp(38): warning C4244: аргумент: преобразование "const int" в "float", возможна потеря данных
     1>c:\users\cupokkk\documents\visual studio 2013\projects\snake_g\snake_g\main.cpp(41): warning C4244: аргумент: преобразование "const int" в "float", возможна потеря данных
     1>c:\users\cupokkk\documents\visual studio 2013\projects\snake_g\snake_g\main.cpp(55): warning C4244: аргумент: преобразование "const int" в "float", возможна потеря данных
     1>c:\users\cupokkk\documents\visual studio 2013\projects\snake_g\snake_g\main.cpp(110): warning C4244: аргумент: преобразование "const int" в "float", возможна потеря данных
     1>c:\users\cupokkk\documents\visual studio 2013\projects\snake_g\snake_g\main.cpp(111): warning C4244: аргумент: преобразование "int" в "float", возможна потеря данных
     1>c:\users\cupokkk\documents\visual studio 2013\projects\snake_g\snake_g\main.cpp(116): warning C4244: аргумент: преобразование "const int" в "float", возможна потеря данных
     1>c:\users\cupokkk\documents\visual studio 2013\projects\snake_g\snake_g\main.cpp(119): warning C4244: аргумент: преобразование "const int" в "float", возможна потеря данных
         Создание кода...
     1>c:\users\cupokkk\documents\visual studio 2013\projects\snake_g\snake_g\snake.cpp(55): warning C4715: Snake::colission: значение возвращается не при всех путях выполнения
       Link:
         C:\Program Files (x86)\Microsoft Visual Studio 12.0\VC\bin\link.exe /ERRORREPORT:PROMPT /OUT:"C:\Users\cupokkk\Documents\Visual Studio 2013\Projects\Snake_G\Debug\Snake_G.exe" /INCREMENTAL /NOLOGO /LIBPATH:"C:\Users\cupokkk\Documents\Visual Studio 2013\Projects\Snake_G\sfmllib" "sfml-graphics-d.lib" "sfml-window-d.lib" "sfml-system-d.lib" "sfml-audio-d.lib" kernel32.lib user32.lib gdi32.lib winspool.lib comdlg32.lib advapi32.lib shell32.lib ole32.lib oleaut32.lib uuid.lib odbc32.lib odbccp32.lib /MANIFEST /MANIFESTUAC:"level='asInvoker' uiAccess='false'" /manifest:embed /DEBUG /PDB:"C:\Users\cupokkk\Documents\Visual Studio 2013\Projects\Snake_G\Debug\Snake_G.pdb" /TLBID:1 /DYNAMICBASE /NXCOMPAT /IMPLIB:"C:\Users\cupokkk\Documents\Visual Studio 2013\Projects\Snake_G\Debug\Snake_G.lib" /MACHINE:X86 Debug\main.obj
         Debug\Snake.obj
         Snake_G.vcxproj -> C:\Users\cupokkk\Documents\Visual Studio 2013\Projects\Snake_G\Debug\Snake_G.exe
     1>Сборка проекта "C:\Users\cupokkk\Documents\Visual Studio 2013\Projects\Snake_G\Snake_G\Snake_G.vcxproj" завершена (целевые объекты Build).

Сборка успешно завершена.

Затраченное время: 00:00:02.67
